C51 COMPILER V9.54   MAIN                                                                  11/16/2018 16:00:35 PAGE 1   


C51 COMPILER V9.54, COMPILATION OF MODULE MAIN
OBJECT MODULE PLACED IN main.OBJ
COMPILER INVOKED BY: C:\Keil_v5\C51\BIN\C51.EXE main.c OPTIMIZE(8,SPEED) BROWSE DEBUG OBJECTEXTEND TABS(2)

line level    source

   1          /**************************************************************************************
   2          *                 静态数码管显示实验                          *
   3          实现现象：下载程序后数码管静态显示0。
   4          注意事项：如果不想让点阵模块显示，可以将74HC595模块上的JP595短接片拔掉。                                          
   5          ***************************************************************************************/
   6          
   7          #include "reg52.h"       //此文件中定义了单片机的一些特殊功能寄存器
   8          
   9          typedef unsigned int u16;   //对数据类型进行声明定义
  10          typedef unsigned char u8;
  11          
  12          sbit LSA=P2^2;
  13          sbit LSB=P2^3;
  14          sbit LSC=P2^4;
  15          
  16          u8 code smgduan[17]={0x3f,0x06,0x5b,0x4f,0x66,0x6d,0x7d,0x07,
  17                    0x7f,0x6f,0x77,0x7c,0x39,0x5e,0x79,0x71};//显示0~F的值
  18          
  19          
  20          /*******************************************************************************
  21          * 函 数 名       : main
  22          * 函数功能     : 主函数
  23          * 输    入       : 无
  24          * 输    出       : 无
  25          *******************************************************************************/
  26          void main()
  27          { 
  28   1        LSA=0;
  29   1        LSB=0;
  30   1        LSC=0;  //控制38译码器的Y0输出低电平
  31   1        P0=smgduan[0];
  32   1        while(1);
  33   1      }


MODULE INFORMATION:   STATIC OVERLAYABLE
   CODE SIZE        =     15    ----
   CONSTANT SIZE    =     17    ----
   XDATA SIZE       =   ----    ----
   PDATA SIZE       =   ----    ----
   DATA SIZE        =   ----    ----
   IDATA SIZE       =   ----    ----
   BIT SIZE         =   ----    ----
END OF MODULE INFORMATION.


C51 COMPILATION COMPLETE.  0 WARNING(S),  0 ERROR(S)
