C51 COMPILER V9.54   KEY2LED                                                               10/24/2018 21:10:55 PAGE 1   


C51 COMPILER V9.54, COMPILATION OF MODULE KEY2LED
OBJECT MODULE PLACED IN .\Objects\key2led.obj
COMPILER INVOKED BY: C:\Keil_v5\C51\BIN\C51.EXE key2led.c OPTIMIZE(8,SPEED) BROWSE DEBUG OBJECTEXTEND PRINT(.\Listings\k
                    -ey2led.lst) OBJECT(.\Objects\key2led.obj)

line level    source

   1          #include <reg52.h>
   2          
   3          sbit led1 = P2^0;
   4          sbit key = P3^1;
   5          void delayms(int xms)
   6          {
   7   1              int i,j;
   8   1              for(i=xms;i>0;i--)
   9   1              {
  10   2                      for(j=0;j<110;j++);
  11   2              }
  12   1      }
  13                  
  14          
  15          void main()
  16          {
  17   1              while(1)
  18   1              {
  19   2                      if(key==0)
  20   2                      {
  21   3                              delayms(10);
  22   3                              if(key==0)
  23   3                              {
  24   4                                      led1 = ~led1;
  25   4                                      while(key==0);
  26   4                              }
  27   3                      }
  28   2              }
  29   1                      
  30   1      }


MODULE INFORMATION:   STATIC OVERLAYABLE
   CODE SIZE        =     53    ----
   CONSTANT SIZE    =   ----    ----
   XDATA SIZE       =   ----    ----
   PDATA SIZE       =   ----    ----
   DATA SIZE        =   ----    ----
   IDATA SIZE       =   ----    ----
   BIT SIZE         =   ----    ----
END OF MODULE INFORMATION.


C51 COMPILATION COMPLETE.  0 WARNING(S),  0 ERROR(S)
