C51 COMPILER V9.54   LED                                                                   10/09/2018 22:24:13 PAGE 1   


C51 COMPILER V9.54, COMPILATION OF MODULE LED
OBJECT MODULE PLACED IN .\Objects\LED.obj
COMPILER INVOKED BY: D:\Program Files\Keil_v5\C51\BIN\C51.EXE LED.c OPTIMIZE(8,SPEED) BROWSE DEBUG OBJECTEXTEND PRINT(.\
                    -Listings\LED.lst) TABS(2) OBJECT(.\Objects\LED.obj)

line level    source

   1          #include <reg52.h>
   2          
   3          sbit led1 = P2^0;
   4          
   5          void Delay1000ms()    //@11.0592MHz
   6          {
   7   1        unsigned char i, j, k;
   8   1      
   9   1        i = 8;
  10   1        j = 1;
  11   1        k = 243;
  12   1        do
  13   1        {
  14   2          do
  15   2          {
  16   3            while (--k);
  17   3          } while (--j);
  18   2        } while (--i);
  19   1      }
  20          
  21          void main()
  22          {
  23   1        while (1)
  24   1        {
  25   2          led1 = 0;
  26   2          Delay1000ms();
  27   2          led1 = 1;
  28   2          Delay1000ms();
  29   2        }
  30   1        
  31   1      }


MODULE INFORMATION:   STATIC OVERLAYABLE
   CODE SIZE        =     25    ----
   CONSTANT SIZE    =   ----    ----
   XDATA SIZE       =   ----    ----
   PDATA SIZE       =   ----    ----
   DATA SIZE        =   ----    ----
   IDATA SIZE       =   ----    ----
   BIT SIZE         =   ----    ----
END OF MODULE INFORMATION.


C51 COMPILATION COMPLETE.  0 WARNING(S),  0 ERROR(S)
