C51 COMPILER V9.54   MAIN                                                                  11/28/2018 15:41:00 PAGE 1   


C51 COMPILER V9.54, COMPILATION OF MODULE MAIN
OBJECT MODULE PLACED IN .\Objects\main.obj
COMPILER INVOKED BY: E:\Keil_v5\C51\BIN\C51.EXE main.c OPTIMIZE(8,SPEED) BROWSE DEBUG OBJECTEXTEND PRINT(.\Listings\main
                    -.lst) TABS(2) OBJECT(.\Objects\main.obj)

line level    source

   1          /**************************************************************************************
   2          *                 串口通信实验                          *
   3          实现现象：下载程序后打开串口调试助手，将波特率设置为4800，选择发送的数据就可以显示
   4                在串口助手上。
   5          注意事项：无。                                          
   6          ***************************************************************************************/
   7          
   8          #include "reg52.h"       //此文件中定义了单片机的一些特殊功能寄存器
   9          
  10          typedef unsigned int u16;   //对数据类型进行声明定义
  11          typedef unsigned char u8;
  12          
  13          
  14          /*******************************************************************************
  15          * 函数名         :UsartInit()
  16          * 函数功能       :设置串口
  17          * 输入           : 无
  18          * 输出           : 无
  19          *******************************************************************************/
  20          void UsartInit()
  21          {
  22   1        SCON = 0X50;      //设置为工作方式1
  23   1        TMOD = 0X20;      //设置计数器工作方式2
  24   1        PCON = 0X80;      //波特率加倍
  25   1        TH1 = 0XF3;       //计数器初始值设置，注意波特率是4800的
  26   1        TL1 = 0XF3;
  27   1        ES = 1;           //打开接收中断
  28   1        EA = 1;           //打开总中断
  29   1        TR1 = 1;          //打开计数器
  30   1      }
  31          
  32          /*******************************************************************************
  33          * 函 数 名       : main
  34          * 函数功能     : 主函数
  35          * 输    入       : 无
  36          * 输    出       : 无
  37          *******************************************************************************/
  38          sbit k3 = P3^2;
  39          sbit k4 = P3^3;
  40          void main()
  41          {
  42   1        u8 k3LastState, k4LastState;
  43   1        UsartInit();  //  串口初始化
  44   1        while(1)
  45   1        {
  46   2          while(TI&&RI);       //等待串口就绪
  47   2          SBUF = ((u8)k3 << 4) + (u8)k4;
  48   2          k3LastState = k3;
  49   2          k4LastState = k4;
  50   2          while(!TI);      //等待发送数据完成
  51   2          TI = 0;            //清除发送完成标志位
  52   2          while(k3LastState == k3 && k4LastState == k4);
  53   2        }
  54   1      }
C51 COMPILER V9.54   MAIN                                                                  11/28/2018 15:41:00 PAGE 2   

  55          
  56          /*******************************************************************************
  57          * 函数名         : Usart() interrupt 4
  58          * 函数功能      : 串口通信中断函数
  59          * 输入           : 无
  60          * 输出           : 无
  61          *******************************************************************************/
  62          void Usart() interrupt 4
  63          {
  64   1        u8 receiveData;
  65   1        if(RI)
  66   1        {
  67   2          receiveData = SBUF;//出去接收到的数据
  68   2          RI = 0;//清除接收中断标志位
  69   2          P2 = receiveData;
  70   2        }
  71   1        
  72   1      }
  73          


MODULE INFORMATION:   STATIC OVERLAYABLE
   CODE SIZE        =     98    ----
   CONSTANT SIZE    =   ----    ----
   XDATA SIZE       =   ----    ----
   PDATA SIZE       =   ----    ----
   DATA SIZE        =   ----    ----
   IDATA SIZE       =   ----    ----
   BIT SIZE         =   ----    ----
END OF MODULE INFORMATION.


C51 COMPILATION COMPLETE.  0 WARNING(S),  0 ERROR(S)
