C51 COMPILER V9.54   MAIN                                                                  10/19/2018 20:08:45 PAGE 1   


C51 COMPILER V9.54, COMPILATION OF MODULE MAIN
OBJECT MODULE PLACED IN .\Objects\main.obj
COMPILER INVOKED BY: E:\STM32\C51\BIN\C51.EXE main.c OPTIMIZE(8,SPEED) BROWSE DEBUG OBJECTEXTEND PRINT(.\Listings\main.l
                    -st) TABS(2) OBJECT(.\Objects\main.obj)

line level    source

   1          #include <reg52.h>
   2          #include <intrins.h>
   3          
   4          #define uchar unsigned char
   5          #define uint unsigned int
   6            
   7          #define LED P2 
   8          
   9          void delayms(uint xms){
  10   1          uint i,j;
  11   1          for(i = xms;i > 0;i--)
  12   1              for(j = 110;j > 0;j--); 
  13   1      }
  14          
  15          void main(){
  16   1          uint i;
  17   1          LED = 0xfe;
  18   1          delayms(500);
  19   1          for(i = 0;i < 7;i++){
  20   2              LED = LED << 1;
  21   2              LED = LED + 1;
  22   2              delayms(500);     
  23   2          }
  24   1          for(i = 0;i < 6;i++){
  25   2              LED = LED >> 1;
  26   2              LED = LED + 0x80;
  27   2              delayms(500);     
  28   2          }
  29   1          /*for(i = 0;i < 7;i++){
  30   1              LED = _crol_(LED,1);
  31   1              delayms(500);     
  32   1          }
  33   1          for(i = 0;i < 6;i++){
  34   1              LED = _cror_(LED,1);
  35   1              delayms(500);     
  36   1          }*/
  37   1      }


MODULE INFORMATION:   STATIC OVERLAYABLE
   CODE SIZE        =     95    ----
   CONSTANT SIZE    =   ----    ----
   XDATA SIZE       =   ----    ----
   PDATA SIZE       =   ----    ----
   DATA SIZE        =   ----    ----
   IDATA SIZE       =   ----    ----
   BIT SIZE         =   ----    ----
END OF MODULE INFORMATION.


C51 COMPILATION COMPLETE.  0 WARNING(S),  0 ERROR(S)
