C51 COMPILER V9.59.0.0   TIMER                                                             10/21/2018 08:43:31 PAGE 1   


C51 COMPILER V9.59.0.0, COMPILATION OF MODULE TIMER
OBJECT MODULE PLACED IN .\Objects\timer.obj
COMPILER INVOKED BY: F:\Keil_MDK\C51\BIN\C51.EXE timer.c OPTIMIZE(8,SPEED) BROWSE DEBUG OBJECTEXTEND PRINT(.\Listings\ti
                    -mer.lst) OBJECT(.\Objects\timer.obj)

line level    source

   1          #include <reg52.h>
   2          
   3          sbit led1 = P2^0;
   4          
   5          void timer0_ms(unsigned int n); //定时器0函数声明
   6          
   7          void main()
   8          {
   9   1              led1 = 1;
  10   1              while(1)
  11   1              {
  12   2                      timer0_ms(1000);                        //延时1s
  13   2                      led1 = ~led1;                           //小灯状态取反
  14   2              }
  15   1      }
  16          
  17          void timer0_ms(unsigned int n)  //定时器0函数，单位为ms
  18          {
  19   1              unsigned int count = 0;                 //定义计数变量count
  20   1              TMOD = 0x01;                                    //设置定时器0为工作模式1
  21   1              TH0 = 0xfc;                                             //设置定时器0的初值
  22   1              TL0 = 0x18;
  23   1              TR0 = 1;                                                //定时器0开始计数
  24   1              while(1)
  25   1              {
  26   2                      if(TF0 == 1)                            //如果检测到溢出
  27   2                      {
  28   3                              TF0 = 0;                                //溢出标志置0
  29   3                              TH0 = 0xfc;                             //重设定时器0的初值
  30   3                              TL0 = 0x18;
  31   3                              count++;                                //计数变量自加
  32   3                              if(count == n)  break;  //到达定时条件，退出循环
  33   3                      }
  34   2              }
  35   1      }


MODULE INFORMATION:   STATIC OVERLAYABLE
   CODE SIZE        =     52    ----
   CONSTANT SIZE    =   ----    ----
   XDATA SIZE       =   ----    ----
   PDATA SIZE       =   ----    ----
   DATA SIZE        =   ----    ----
   IDATA SIZE       =   ----    ----
   BIT SIZE         =   ----    ----
END OF MODULE INFORMATION.


C51 COMPILATION COMPLETE.  0 WARNING(S),  0 ERROR(S)
