C51 COMPILER V9.54   MAIN                                                                  11/17/2018 16:38:46 PAGE 1   


C51 COMPILER V9.54, COMPILATION OF MODULE MAIN
OBJECT MODULE PLACED IN main.OBJ
COMPILER INVOKED BY: C:\Keil_v5\C51\BIN\C51.EXE main.c OPTIMIZE(8,SPEED) BROWSE DEBUG OBJECTEXTEND TABS(2)

line level    source

   1          
   2          #include "reg52.h"       
   3          
   4          typedef unsigned int u16;   //对数据类型进行声明定义
   5          typedef unsigned char u8;
   6          
   7          sbit LSA=P2^2;
   8          sbit LSB=P2^3;
   9          sbit LSC=P2^4;
  10          
  11          u8 code smgduan[17]={0x3f,0x06,0x5b,0x4f,0x66,0x6d,0x7d,0x07,
  12                    0x7f,0x6f,0x77,0x7c,0x39,0x5e,0x79,0x71};//显示0~F的值
  13          void delay(u16 i)
  14          {
  15   1        while(i--); 
  16   1      }
  17          
  18          void DigDisplay()
  19          {
  20   1        u8 i;
  21   1        for(i=0;i<8;i++)
  22   1        {
  23   2          switch(i)  //位选，选择点亮的数码管，
  24   2          {
  25   3            case(0):
  26   3              LSA=0;LSB=0;LSC=0; break;//显示第0位
  27   3            case(1):
  28   3              LSA=1;LSB=0;LSC=0; break;//显示第1位
  29   3            case(2):
  30   3              LSA=0;LSB=1;LSC=0; break;//显示第2位
  31   3            case(3):
  32   3              LSA=1;LSB=1;LSC=0; break;//显示第3位
  33   3            case(4):
  34   3              LSA=0;LSB=0;LSC=1; break;//显示第4位
  35   3            case(5):
  36   3              LSA=1;LSB=0;LSC=1; break;//显示第5位
  37   3            case(6):
  38   3              LSA=0;LSB=1;LSC=1; break;//显示第6位
  39   3            case(7):
  40   3              LSA=1;LSB=1;LSC=1; break;//显示第7位  
  41   3          }
  42   2          P0=smgduan[i];//发送段码
  43   2          delay(100); //间隔一段时间扫描  
  44   2          P0=0x00;//消隐
  45   2        }
  46   1      }
  47          
  48          void main()
  49          { 
  50   1        while(1)
  51   1        { 
  52   2          DigDisplay();  //数码管显示函数 
  53   2        }
  54   1      }

C51 COMPILER V9.54   MAIN                                                                  11/17/2018 16:38:46 PAGE 2   


MODULE INFORMATION:   STATIC OVERLAYABLE
   CODE SIZE        =    125    ----
   CONSTANT SIZE    =     17    ----
   XDATA SIZE       =   ----    ----
   PDATA SIZE       =   ----    ----
   DATA SIZE        =   ----    ----
   IDATA SIZE       =   ----    ----
   BIT SIZE         =   ----    ----
END OF MODULE INFORMATION.


C51 COMPILATION COMPLETE.  0 WARNING(S),  0 ERROR(S)
