C51 COMPILER V9.54   LED                                                                   10/25/2018 19:40:08 PAGE 1   


C51 COMPILER V9.54, COMPILATION OF MODULE LED
OBJECT MODULE PLACED IN .\Objects\led.obj
COMPILER INVOKED BY: C:\Keil_v5\C51\BIN\C51.EXE led.c OPTIMIZE(8,SPEED) BROWSE DEBUG OBJECTEXTEND PRINT(.\Listings\led.l
                    -st) OBJECT(.\Objects\led.obj)

line level    source

   1          #include <reg52.h>
   2          
   3          /* 检测键盘点亮流水灯
   4                  R1C1、2、3、4==>LED1234
   5                  R2C1、2、3、4==>LED5678
   6             连线
   7                  P1==>键盘
   8                  P2==>流水灯
   9          */
  10          
  11          //functions
  12          void delayms(unsigned int);
  13          
  14          //matrix keyboard
  15          sbit r1 = P1^7;     
  16          sbit r2 = P1^6;
  17          sbit r3 = P1^5;
  18          sbit r4 = P1^4;
  19          sbit c1 = P1^3;
  20          sbit c2 = P1^2;
  21          sbit c3 = P1^1;
  22          sbit c4 = P1^0;
  23          
  24          //VARIABLES     
  25          unsigned char led;
  26          
  27          void main(){
  28   1              r1 = 0;        //第1行输出低电平，234行高电平，234行按键无效
  29   1              r2 = 1;
  30   1              r3 = 1;
  31   1              r4 = 1;     
  32   1              led=0xff;
  33   1              while(1){
  34   2                      P2 = led;
  35   2                      if(c1 == 0){
  36   3                              delayms(10);
  37   3                              if(c1 == 0){
  38   4                                      led = 0xee;
  39   4                                      delayms(50);
  40   4                              } //第一个按键按下，led1&5亮
  41   3                      }
  42   2                      if(c2==0){
  43   3                              delayms(10);
  44   3                              if(c2==0){
  45   4                                      led=0xdd;
  46   4                                      delayms(50);
  47   4      
  48   4                              } //第二个按键按下，led2&4亮
  49   3                      }
  50   2                      if(c3 == 0)
  51   2                      {
  52   3                              delayms(10);
  53   3                              if(c3 == 0)
  54   3                              {
C51 COMPILER V9.54   LED                                                                   10/25/2018 19:40:08 PAGE 2   

  55   4                                      led = 0xbb;
  56   4                                      delayms(50);                    
  57   4                              } //第三个按键按下，led3&7亮
  58   3                      }
  59   2                      if(c4 == 0)
  60   2                      {
  61   3                              delayms(10);    
  62   3                              if(c4 == 0)
  63   3                              {
  64   4                                      led = 0x77;
  65   4                                      delayms(50);
  66   4                              } //第四个按键按下，led4&8亮
  67   3                      }
  68   2              }
  69   1      }
  70          
  71          void delayms(unsigned int xms)
  72          {
  73   1              unsigned int i,j;
  74   1              for(i = 0;i < xms;i++)
  75   1              {
  76   2                      for(j = 0;j < 110;j++);
  77   2              }
  78   1      }
  79          
  80          


MODULE INFORMATION:   STATIC OVERLAYABLE
   CODE SIZE        =    128    ----
   CONSTANT SIZE    =   ----    ----
   XDATA SIZE       =   ----    ----
   PDATA SIZE       =   ----    ----
   DATA SIZE        =      1    ----
   IDATA SIZE       =   ----    ----
   BIT SIZE         =   ----    ----
END OF MODULE INFORMATION.


C51 COMPILATION COMPLETE.  0 WARNING(S),  0 ERROR(S)
